# JRE version: Java(TM) SE Runtime Environment (15.0.2+7) (build 15.0.2+7-27)
# Java VM: Java HotSpot(TM) 64-Bit Server VM (15.0.2+7-27, mixed mode, sharing, tiered, compressed oops, g1 gc, windows-amd64)
GC Precious Log:
 CPUs: 4 total, 4 available
 Memory: 6059M
 Large Page Support: Disabled
 NUMA Support: Disabled
 Compressed Oops: Enabled (32-bit)
 Heap Region Size: 1M
 Heap Min Capacity: 8M
 Heap Initial Capacity: 96M
 Heap Max Capacity: 1516M
 Pre-touch: Disabled
 Parallel Workers: 4
 Concurrent Workers: 1
 Concurrent Refinement Workers: 4
 Periodic GC: Disabled
Heap:
 garbage-first heap   total 70656K, used 24765K [0x00000000a1400000, 0x0000000100000000)
  region size 1024K, 3 young (3072K), 2 survivors (2048K)
 Metaspace       used 42894K, capacity 43379K, committed 43520K, reserved 1087488K
  class space    used 5357K, capacity 5531K, committed 5632K, reserved 1048576K
GC Heap History (20 events):
Event: 2.282 GC heap before
{Heap before GC invocations=1 (full 0):
 garbage-first heap   total 98304K, used 17248K [0x00000000a1400000, 0x0000000100000000)
  region size 1024K, 13 young (13312K), 2 survivors (2048K)
 Metaspace       used 3771K, capacity 6014K, committed 6272K, reserved 1056768K
  class space    used 416K, capacity 614K, committed 640K, reserved 1048576K
}
Event: 2.290 GC heap after
{Heap after GC invocations=2 (full 0):
 garbage-first heap   total 98304K, used 9216K [0x00000000a1400000, 0x0000000100000000)
  region size 1024K, 2 young (2048K), 2 survivors (2048K)
 Metaspace       used 3771K, capacity 6014K, committed 6272K, reserved 1056768K
  class space    used 416K, capacity 614K, committed 640K, reserved 1048576K
}
Event: 3.922 GC heap before
{Heap before GC invocations=2 (full 0):
 garbage-first heap   total 98304K, used 27648K [0x00000000a1400000, 0x0000000100000000)
  region size 1024K, 20 young (20480K), 2 survivors (2048K)
 Metaspace       used 8447K, capacity 9431K, committed 9600K, reserved 1058816K
  class space    used 1010K, capacity 1112K, committed 1152K, reserved 1048576K
}
Event: 3.933 GC heap after
{Heap after GC invocations=3 (full 0):
 garbage-first heap   total 98304K, used 10667K [0x00000000a1400000, 0x0000000100000000)
  region size 1024K, 2 young (2048K), 2 survivors (2048K)
 Metaspace       used 8447K, capacity 9431K, committed 9600K, reserved 1058816K
  class space    used 1010K, capacity 1112K, committed 1152K, reserved 1048576K
}
Event: 7.318 GC heap before
{Heap before GC invocations=3 (full 0):
 garbage-first heap   total 98304K, used 62891K [0x00000000a1400000, 0x0000000100000000)
  region size 1024K, 53 young (54272K), 2 survivors (2048K)
 Metaspace       used 19683K, capacity 19978K, committed 20096K, reserved 1067008K
  class space    used 2564K, capacity 2660K, committed 2688K, reserved 1048576K
}
Event: 7.333 GC heap after
{Heap after GC invocations=4 (full 0):
 garbage-first heap   total 98304K, used 14006K [0x00000000a1400000, 0x0000000100000000)
  region size 1024K, 5 young (5120K), 5 survivors (5120K)
 Metaspace       used 19683K, capacity 19978K, committed 20096K, reserved 1067008K
  class space    used 2564K, capacity 2660K, committed 2688K, reserved 1048576K
}
Event: 7.440 GC heap before
{Heap before GC invocations=4 (full 0):
 garbage-first heap   total 98304K, used 54966K [0x00000000a1400000, 0x0000000100000000)
  region size 1024K, 47 young (48128K), 5 survivors (5120K)
 Metaspace       used 20919K, capacity 21164K, committed 21248K, reserved 1067008K
  class space    used 2660K, capacity 2758K, committed 2816K, reserved 1048576K
}
Event: 7.449 GC heap after
{Heap after GC invocations=5 (full 0):
 garbage-first heap   total 98304K, used 14565K [0x00000000a1400000, 0x0000000100000000)
  region size 1024K, 4 young (4096K), 4 survivors (4096K)
 Metaspace       used 20919K, capacity 21164K, committed 21248K, reserved 1067008K
  class space    used 2660K, capacity 2758K, committed 2816K, reserved 1048576K
}
Event: 8.146 GC heap before
{Heap before GC invocations=6 (full 0):
 garbage-first heap   total 58368K, used 45285K [0x00000000a1400000, 0x0000000100000000)
  region size 1024K, 34 young (34816K), 4 survivors (4096K)
 Metaspace       used 25821K, capacity 26140K, committed 26368K, reserved 1073152K
  class space    used 3168K, capacity 3284K, committed 3328K, reserved 1048576K
}
Event: 8.156 GC heap after
{Heap after GC invocations=7 (full 0):
 garbage-first heap   total 58368K, used 15928K [0x00000000a1400000, 0x0000000100000000)
  region size 1024K, 3 young (3072K), 3 survivors (3072K)
 Metaspace       used 25821K, capacity 26140K, committed 26368K, reserved 1073152K
  class space    used 3168K, capacity 3284K, committed 3328K, reserved 1048576K
}
Event: 8.762 GC heap before
{Heap before GC invocations=8 (full 0):
 garbage-first heap   total 58368K, used 40504K [0x00000000a1400000, 0x0000000100000000)
  region size 1024K, 28 young (28672K), 3 survivors (3072K)
 Metaspace       used 28917K, capacity 29242K, committed 29312K, reserved 1075200K
  class space    used 3567K, capacity 3674K, committed 3712K, reserved 1048576K
}
Event: 8.769 GC heap after
{Heap after GC invocations=9 (full 0):
 garbage-first heap   total 58368K, used 16999K [0x00000000a1400000, 0x0000000100000000)
  region size 1024K, 4 young (4096K), 4 survivors (4096K)
 Metaspace       used 28917K, capacity 29242K, committed 29312K, reserved 1075200K
  class space    used 3567K, capacity 3674K, committed 3712K, reserved 1048576K
}
Event: 9.896 GC heap before
{Heap before GC invocations=9 (full 0):
 garbage-first heap   total 58368K, used 41575K [0x00000000a1400000, 0x0000000100000000)
  region size 1024K, 29 young (29696K), 4 survivors (4096K)
 Metaspace       used 33096K, capacity 33452K, committed 33664K, reserved 1079296K
  class space    used 4215K, capacity 4367K, committed 4480K, reserved 1048576K
}
Event: 9.908 GC heap after
{Heap after GC invocations=10 (full 0):
 garbage-first heap   total 58368K, used 18703K [0x00000000a1400000, 0x0000000100000000)
  region size 1024K, 3 young (3072K), 3 survivors (3072K)
 Metaspace       used 33096K, capacity 33452K, committed 33664K, reserved 1079296K
  class space    used 4215K, capacity 4367K, committed 4480K, reserved 1048576K
}
Event: 11.549 GC heap before
{Heap before GC invocations=10 (full 0):
 garbage-first heap   total 58368K, used 44303K [0x00000000a1400000, 0x0000000100000000)
  region size 1024K, 28 young (28672K), 3 survivors (3072K)
 Metaspace       used 36532K, capacity 36934K, committed 37120K, reserved 1081344K
  class space    used 4661K, capacity 4795K, committed 4864K, reserved 1048576K
}
Event: 11.571 GC heap after
{Heap after GC invocations=11 (full 0):
 garbage-first heap   total 70656K, used 20918K [0x00000000a1400000, 0x0000000100000000)
  region size 1024K, 4 young (4096K), 4 survivors (4096K)
 Metaspace       used 36532K, capacity 36934K, committed 37120K, reserved 1081344K
  class space    used 4661K, capacity 4795K, committed 4864K, reserved 1048576K
}
Event: 12.833 GC heap before
{Heap before GC invocations=11 (full 0):
 garbage-first heap   total 70656K, used 53686K [0x00000000a1400000, 0x0000000100000000)
  region size 1024K, 37 young (37888K), 4 survivors (4096K)
 Metaspace       used 40104K, capacity 40484K, committed 40576K, reserved 1085440K
  class space    used 5072K, capacity 5229K, committed 5248K, reserved 1048576K
}
Event: 12.854 GC heap after
{Heap after GC invocations=12 (full 0):
 garbage-first heap   total 70656K, used 23511K [0x00000000a1400000, 0x0000000100000000)
  region size 1024K, 5 young (5120K), 5 survivors (5120K)
 Metaspace       used 40104K, capacity 40484K, committed 40576K, reserved 1085440K
  class space    used 5072K, capacity 5229K, committed 5248K, reserved 1048576K
}
Event: 12.996 GC heap before
{Heap before GC invocations=12 (full 0):
 garbage-first heap   total 70656K, used 55255K [0x00000000a1400000, 0x0000000100000000)
  region size 1024K, 36 young (36864K), 5 survivors (5120K)
 Metaspace       used 40119K, capacity 40548K, committed 40576K, reserved 1085440K
  class space    used 5072K, capacity 5229K, committed 5248K, reserved 1048576K
}
Event: 13.015 GC heap after
{Heap after GC invocations=13 (full 0):
 garbage-first heap   total 70656K, used 23618K [0x00000000a1400000, 0x0000000100000000)
  region size 1024K, 3 young (3072K), 3 survivors (3072K)
 Metaspace       used 40119K, capacity 40548K, committed 40576K, reserved 1085440K
  class space    used 5072K, capacity 5229K, committed 5248K, reserved 1048576K
}

